c:\users\sunhu\onedrive\desktop\glim\drawcircle\drawcircle\x64\debug\drawcircle.pch
c:\users\sunhu\onedrive\desktop\glim\drawcircle\drawcircle\x64\debug\vc143.pdb
c:\users\sunhu\onedrive\desktop\glim\drawcircle\drawcircle\x64\debug\vc143.idb
c:\users\sunhu\onedrive\desktop\glim\drawcircle\drawcircle\x64\debug\pch.obj
c:\users\sunhu\onedrive\desktop\glim\drawcircle\x64\debug\drawcircle.exe
c:\users\sunhu\onedrive\desktop\glim\drawcircle\x64\debug\drawcircle.pdb
c:\users\sunhu\onedrive\desktop\glim\drawcircle\drawcircle\x64\debug\drawcircle.res
c:\users\sunhu\onedrive\desktop\glim\drawcircle\drawcircle\x64\debug\drawcircle.ilk
c:\users\sunhu\onedrive\desktop\glim\drawcircle\drawcircle\x64\debug\drawcircle.obj
c:\users\sunhu\onedrive\desktop\glim\drawcircle\drawcircle\x64\debug\drawcircledlg.obj
c:\users\sunhu\onedrive\desktop\glim\drawcircle\drawcircle\x64\debug\drawcircle.tlog\cl.command.1.tlog
c:\users\sunhu\onedrive\desktop\glim\drawcircle\drawcircle\x64\debug\drawcircle.tlog\cl.items.tlog
c:\users\sunhu\onedrive\desktop\glim\drawcircle\drawcircle\x64\debug\drawcircle.tlog\cl.read.1.tlog
c:\users\sunhu\onedrive\desktop\glim\drawcircle\drawcircle\x64\debug\drawcircle.tlog\cl.write.1.tlog
c:\users\sunhu\onedrive\desktop\glim\drawcircle\drawcircle\x64\debug\drawcircle.tlog\link.command.1.tlog
c:\users\sunhu\onedrive\desktop\glim\drawcircle\drawcircle\x64\debug\drawcircle.tlog\link.read.1.tlog
c:\users\sunhu\onedrive\desktop\glim\drawcircle\drawcircle\x64\debug\drawcircle.tlog\link.secondary.1.tlog
c:\users\sunhu\onedrive\desktop\glim\drawcircle\drawcircle\x64\debug\drawcircle.tlog\link.write.1.tlog
c:\users\sunhu\onedrive\desktop\glim\drawcircle\drawcircle\x64\debug\drawcircle.tlog\rc.command.1.tlog
c:\users\sunhu\onedrive\desktop\glim\drawcircle\drawcircle\x64\debug\drawcircle.tlog\rc.read.1.tlog
c:\users\sunhu\onedrive\desktop\glim\drawcircle\drawcircle\x64\debug\drawcircle.tlog\rc.write.1.tlog
