  DrawCircleDlg.cpp
C:\Users\sunhu\OneDrive\Desktop\GLIM\DrawCircle\DrawCircleDlg.cpp(172,12): warning C4244: '인수': 'time_t'에서 'unsigned int'(으)로 변환하면서 데이터가 손실될 수 있습니다.
C:\Users\sunhu\OneDrive\Desktop\GLIM\DrawCircle\DrawCircleDlg.cpp(198,26): warning C4244: '인수': 'double'에서 '_Tp'(으)로 변환하면서 데이터가 손실될 수 있습니다.
C:\Users\sunhu\OneDrive\Desktop\GLIM\DrawCircle\DrawCircleDlg.cpp(198,26): warning C4244:         with
C:\Users\sunhu\OneDrive\Desktop\GLIM\DrawCircle\DrawCircleDlg.cpp(198,26): warning C4244:         [
C:\Users\sunhu\OneDrive\Desktop\GLIM\DrawCircle\DrawCircleDlg.cpp(198,26): warning C4244:             _Tp=int
C:\Users\sunhu\OneDrive\Desktop\GLIM\DrawCircle\DrawCircleDlg.cpp(198,26): warning C4244:         ]
C:\Users\sunhu\OneDrive\Desktop\GLIM\DrawCircle\DrawCircleDlg.cpp(198,22): warning C4244: '인수': 'double'에서 '_Tp'(으)로 변환하면서 데이터가 손실될 수 있습니다.
C:\Users\sunhu\OneDrive\Desktop\GLIM\DrawCircle\DrawCircleDlg.cpp(198,22): warning C4244:         with
C:\Users\sunhu\OneDrive\Desktop\GLIM\DrawCircle\DrawCircleDlg.cpp(198,22): warning C4244:         [
C:\Users\sunhu\OneDrive\Desktop\GLIM\DrawCircle\DrawCircleDlg.cpp(198,22): warning C4244:             _Tp=int
C:\Users\sunhu\OneDrive\Desktop\GLIM\DrawCircle\DrawCircleDlg.cpp(198,22): warning C4244:         ]
C:\Users\sunhu\OneDrive\Desktop\GLIM\DrawCircle\DrawCircleDlg.cpp(205,2): warning C4551: 함수 호출에 인수 목록이 없습니다.
C:\Users\sunhu\OneDrive\Desktop\GLIM\DrawCircle\DrawCircleDlg.cpp(250,30): warning C4244: '인수': 'double'에서 'int'(으)로 변환하면서 데이터가 손실될 수 있습니다.
C:\Users\sunhu\OneDrive\Desktop\GLIM\DrawCircle\DrawCircleDlg.cpp(268,12): warning C4244: '인수': 'time_t'에서 'unsigned int'(으)로 변환하면서 데이터가 손실될 수 있습니다.
C:\Users\sunhu\OneDrive\Desktop\GLIM\DrawCircle\DrawCircleDlg.cpp(312,28): warning C4244: '인수': 'double'에서 '_Tp'(으)로 변환하면서 데이터가 손실될 수 있습니다.
C:\Users\sunhu\OneDrive\Desktop\GLIM\DrawCircle\DrawCircleDlg.cpp(312,28): warning C4244:         with
C:\Users\sunhu\OneDrive\Desktop\GLIM\DrawCircle\DrawCircleDlg.cpp(312,28): warning C4244:         [
C:\Users\sunhu\OneDrive\Desktop\GLIM\DrawCircle\DrawCircleDlg.cpp(312,28): warning C4244:             _Tp=int
C:\Users\sunhu\OneDrive\Desktop\GLIM\DrawCircle\DrawCircleDlg.cpp(312,28): warning C4244:         ]
C:\Users\sunhu\OneDrive\Desktop\GLIM\DrawCircle\DrawCircleDlg.cpp(312,24): warning C4244: '인수': 'double'에서 '_Tp'(으)로 변환하면서 데이터가 손실될 수 있습니다.
C:\Users\sunhu\OneDrive\Desktop\GLIM\DrawCircle\DrawCircleDlg.cpp(312,24): warning C4244:         with
C:\Users\sunhu\OneDrive\Desktop\GLIM\DrawCircle\DrawCircleDlg.cpp(312,24): warning C4244:         [
C:\Users\sunhu\OneDrive\Desktop\GLIM\DrawCircle\DrawCircleDlg.cpp(312,24): warning C4244:             _Tp=int
C:\Users\sunhu\OneDrive\Desktop\GLIM\DrawCircle\DrawCircleDlg.cpp(312,24): warning C4244:         ]
  DrawCircle.vcxproj -> C:\Users\sunhu\OneDrive\Desktop\GLIM\DrawCircle\x64\Debug\DrawCircle.exe
